<?xml version="1.0" encoding="UTF-8"?>
<!-- Generated by org.testng.reporters.JUnitXMLReporter -->
<testsuite ignored="0" hostname="DELL" failures="0" tests="5" name="Default test" time="151.615" errors="0" timestamp="2019-11-25T23:38:02 IST">
  <testcase classname="uiFunctionalTests.Test_BasicInteractions" name="verifyLiviHealth" time="50.428"/>
  <testcase classname="uiFunctionalTests.Test_BasicInteractions" name="verifyLiviHealth" time="23.912"/>
  <testcase classname="uiFunctionalTests.Test_BasicInteractions" name="verifyLiviHealth" time="23.99"/>
  <testcase classname="uiFunctionalTests.Test_BasicInteractions" name="verifyLiviHealth" time="24.047"/>
  <testcase classname="uiFunctionalTests.Test_BasicInteractions" name="verifyLiviHealth" time="24.049"/>
</testsuite> <!-- Default test -->
