<?xml version="1.0" encoding="UTF-8"?>
<!-- Generated by org.testng.reporters.JUnitXMLReporter -->
<testsuite ignored="4" hostname="DELL" failures="1" tests="7" name="Basic Interactions" time="210.677" errors="0" timestamp="2019-12-09T10:59:05 IST">
  <testcase classname="uiFunctionalTests.Test_MainMenu" name="verifyMainMenu" time="12.182"/>
  <testcase classname="uiFunctionalTests.Test_BasicInteractions" name="interactWithLivi" time="19.945"/>
  <testcase classname="uiFunctionalTests.Test_BasicInteractions" name="interactWithLivi" time="20.607"/>
  <testcase classname="uiFunctionalTests.Test_Country" name="verifyCountrySelection" time="47.421"/>
  <testcase classname="uiFunctionalTests.Test_Apostles" name="verifyApostleSelection" time="61.871">
    <failure type="java.lang.AssertionError" message="The following asserts failed:
	There is no Link associated with Apostle JAMES. Some issue here expected [true] but found [false]">
      <![CDATA[java.lang.AssertionError: The following asserts failed:
There is no Link associated with Apostle JAMES. Some issue here expected [true] but found [false]
at uiFunctionalTests.Test_Apostles.verifyApostleSelection(Test_Apostles.java:40)
at java.base/java.util.ArrayList.forEach(ArrayList.java:1507)
at java.base/java.util.concurrent.FutureTask.run(FutureTask.java:264)
at java.base/java.util.concurrent.ThreadPoolExecutor.runWorker(ThreadPoolExecutor.java:1128)
at java.base/java.util.concurrent.ThreadPoolExecutor$Worker.run(ThreadPoolExecutor.java:628)
at java.base/java.lang.Thread.run(Thread.java:830)
... Removed 20 stack frames]]>
    </failure>
  </testcase> <!-- verifyApostleSelection -->
  <testcase classname="uiFunctionalTests.Test_WebView" name="verifyButtonsAndLinksSelection" time="68.489"/>
  <testcase classname="uiFunctionalTests.Test_InfoForm" name="verifyInfoFormSubmission" time="73.676"/>
  <testcase classname="uiFunctionalTests.BaseTest" name="@BeforeTest setUp" time="0.0">
    <ignored/>
  </testcase> <!-- @BeforeTest setUp -->
  <testcase classname="uiFunctionalTests.BaseTest" name="@BeforeTest setUp" time="0.0">
    <ignored/>
  </testcase> <!-- @BeforeTest setUp -->
  <testcase classname="uiFunctionalTests.BaseTest" name="@AfterTest tearDown" time="0.0">
    <ignored/>
  </testcase> <!-- @AfterTest tearDown -->
  <testcase classname="uiFunctionalTests.BaseTest" name="@AfterTest tearDown" time="0.0">
    <ignored/>
  </testcase> <!-- @AfterTest tearDown -->
</testsuite> <!-- Basic Interactions -->
