<?xml version="1.0" encoding="UTF-8"?>
<!-- Generated by org.testng.reporters.JUnitXMLReporter -->
<testsuite ignored="4" hostname="DELL" failures="0" tests="1" name="Test 2" time="185.666" errors="0" timestamp="2019-12-10T14:52:16 IST">
  <testcase classname="uiFunctionalTests.Test_WebView" name="verifyButtonsAndLinksSelection" time="81.633"/>
  <testcase classname="uiFunctionalTests.BaseTest" name="@BeforeTest setUp" time="0.0">
    <ignored/>
  </testcase> <!-- @BeforeTest setUp -->
  <testcase classname="uiFunctionalTests.BaseTest" name="@BeforeTest setUp" time="0.0">
    <ignored/>
  </testcase> <!-- @BeforeTest setUp -->
  <testcase classname="uiFunctionalTests.BaseTest" name="@AfterTest tearDown" time="0.0">
    <ignored/>
  </testcase> <!-- @AfterTest tearDown -->
  <testcase classname="uiFunctionalTests.BaseTest" name="@AfterTest tearDown" time="0.0">
    <ignored/>
  </testcase> <!-- @AfterTest tearDown -->
</testsuite> <!-- Test 2 -->
