<?xml version="1.0" encoding="UTF-8"?>
<testsuite xmlns:xsi="http://www.w3.org/2001/XMLSchema-instance" xsi:noNamespaceSchemaLocation="https://maven.apache.org/surefire/maven-surefire-plugin/xsd/surefire-test-report.xsd" name="TestSuite" time="312.551" tests="10" errors="0" skipped="0" failures="1">
  <properties>
[...]
</properties>
  <testcase name="verifyMainMenu" classname="uiFunctionalTests.Test_MainMenu" time="16.823"/>
  <testcase name="interactWithLivi" classname="uiFunctionalTests.Test_BasicInteractions" time="6.136"/>
  <testcase name="interactWithLivi" classname="uiFunctionalTests.Test_BasicInteractions" time="24.994"/>
  <testcase name="interactWithLivi" classname="uiFunctionalTests.Test_BasicInteractions" time="26.548"/>
  <testcase name="interactWithLivi" classname="uiFunctionalTests.Test_BasicInteractions" time="9.993"/>
  <testcase name="interactWithLivi" classname="uiFunctionalTests.Test_BasicInteractions" time="26.902"/>
  <testcase name="verifyCountrySelection" classname="uiFunctionalTests.Test_Country" time="15.475"/>
  <testcase name="verifyButtonsAndLinksSelection" classname="uiFunctionalTests.Test_WebView" time="51.247"/>
  <testcase name="verifyApostleSelection" classname="uiFunctionalTests.Test_Apostles" time="67.95">
    <failure message="The following asserts failed:&#10;	There is no Link associated with Apostle JAMES. Some issue here expected [true] but found [false]" type="java.lang.AssertionError">java.lang.AssertionError: 
The following asserts failed:
	There is no Link associated with Apostle JAMES. Some issue here expected [true] but found [false]
	at uiFunctionalTests.Test_Apostles.verifyApostleSelection(Test_Apostles.java:26)
</failure>
    <system-out><![CDATA[01:52:42.622 [TestNG-tests-2] INFO  org.testng.ITestListener - *** Executed verifyButtonsAndLinksSelection test successfully...
01:52:43.176 [TestNG-tests-2] INFO  uiFunctionalTests.BaseTest - In tearDown
01:52:44.652 [TestNG-tests-2] INFO  uiFunctionalTests.BaseTest - Closed Driver
01:52:59.291 [TestNG-tests-1] INFO  pageActions.LiviInteractions - The chosen apostle James doesn't have an associated link
]]></system-out>
  </testcase>
  <testcase name="verifyInfoFormSubmission" classname="uiFunctionalTests.Test_InfoForm" time="76.501"/>
</testsuite>