<?xml version="1.0" encoding="UTF-8"?>
<testsuite xmlns:xsi="http://www.w3.org/2001/XMLSchema-instance" xsi:noNamespaceSchemaLocation="https://maven.apache.org/surefire/maven-surefire-plugin/xsd/surefire-test-report.xsd" name="TestSuite" time="189.22" tests="1" errors="0" skipped="0" failures="1">
  <properties>
[...]
</properties>
  <testcase name="verifyButtonsAndLinksSelection" classname="uiFunctionalTests.Test_WebView" time="133.995">
    <failure message="Expected condition failed: waiting for alert to be present (tried for 15 second(s) with 500 milliseconds interval)&#10;Build info: version: &apos;3.141.59&apos;, revision: &apos;e82be7d358&apos;, time: &apos;2018-11-14T08:17:03&apos;&#10;System info: host: &apos;DELL&apos;, ip: &apos;192.168.1.3&apos;, os.name: &apos;Windows 8.1&apos;, os.arch: &apos;amd64&apos;, os.version: &apos;6.3&apos;, java.version: &apos;13&apos;&#10;Driver info: org.openqa.selenium.firefox.FirefoxDriver&#10;Capabilities {acceptInsecureCerts: true, browserName: firefox, browserVersion: 70.0.1, javascriptEnabled: true, moz:accessibilityChecks: false, moz:buildID: 20191030021342, moz:geckodriverVersion: 0.25.0, moz:headless: false, moz:processID: 17492, moz:profile: C:\Users\Sriparna\AppData\L..., moz:shutdownTimeout: 60000, moz:useNonSpecCompliantPointerOrigin: false, moz:webdriverClick: true, pageLoadStrategy: normal, platform: WINDOWS, platformName: WINDOWS, platformVersion: 6.3, rotatable: false, setWindowRect: true, strictFileInteractability: false, timeouts: {implicit: 0, pageLoad: 300000, script: 30000}, unhandledPromptBehavior: dismiss and notify}&#10;Session ID: 3ab62482-c20f-4dcb-86dd-61893cfff5da" type="org.openqa.selenium.TimeoutException">org.openqa.selenium.TimeoutException: 
Expected condition failed: waiting for alert to be present (tried for 15 second(s) with 500 milliseconds interval)
Build info: version: '3.141.59', revision: 'e82be7d358', time: '2018-11-14T08:17:03'
System info: host: 'DELL', ip: '192.168.1.3', os.name: 'Windows 8.1', os.arch: 'amd64', os.version: '6.3', java.version: '13'
Driver info: org.openqa.selenium.firefox.FirefoxDriver
Capabilities {acceptInsecureCerts: true, browserName: firefox, browserVersion: 70.0.1, javascriptEnabled: true, moz:accessibilityChecks: false, moz:buildID: 20191030021342, moz:geckodriverVersion: 0.25.0, moz:headless: false, moz:processID: 17492, moz:profile: C:\Users\Sriparna\AppData\L..., moz:shutdownTimeout: 60000, moz:useNonSpecCompliantPointerOrigin: false, moz:webdriverClick: true, pageLoadStrategy: normal, platform: WINDOWS, platformName: WINDOWS, platformVersion: 6.3, rotatable: false, setWindowRect: true, strictFileInteractability: false, timeouts: {implicit: 0, pageLoad: 300000, script: 30000}, unhandledPromptBehavior: dismiss and notify}
Session ID: 3ab62482-c20f-4dcb-86dd-61893cfff5da
	at uiFunctionalTests.Test_WebView.verifyButtonsAndLinksSelection(Test_WebView.java:44)
</failure>
    <system-out><![CDATA[Directory already exists: C:\Users\Sriparna\eclipse-workspace\LiviAutomation\TestReport
01:57:02.262 [main] INFO  org.testng.ITestListener - *** Started Test ***Basic Interactions
01:57:02.309 [main] INFO  uiFunctionalTests.BaseTest - In BASE TEST Setup
01:57:02.310 [main] INFO  uiFunctionalTests.BaseTest - Value of reportFileName Test-Automation-Report.html
01:57:02.310 [main] INFO  uiFunctionalTests.BaseTest - Value of fileSeperator \
01:57:02.310 [main] INFO  uiFunctionalTests.BaseTest - Value of reportFilepath C:\Users\Sriparna\eclipse-workspace\LiviAutomation\TestReport
01:57:02.313 [main] INFO  uiFunctionalTests.BaseTest - Value of reportFileLocation C:\Users\Sriparna\eclipse-workspace\LiviAutomation\TestReport\Test-Automation-Report.html
01:57:02.323 [main] INFO  dataProviders.ConfigFileReader - The url fetched from properties file ishttps://goo.gl/hh18rF
01:57:16.836 [main] INFO  managers.DriverManager - Url to be opened https://goo.gl/hh18rF
01:57:22.832 [main] INFO  uiFunctionalTests.BaseTest - The value of driver set in BeforeSuite is FirefoxDriver: firefox on WINDOWS (3ab62482-c20f-4dcb-86dd-61893cfff5da)
01:57:22.833 [main] INFO  managers.POManager - In PO Manager CONSTRUCTOR
01:57:22.850 [main] INFO  uiFunctionalTests.BaseTest - After POManager intialize
Directory already exists: C:\Users\Sriparna\eclipse-workspace\LiviAutomation\TestReport\Test-Automation-Report.html
01:57:22.901 [main] INFO  uiFunctionalTests.BaseTest - In BEFORE CLASS
01:57:22.910 [main] INFO  managers.POManager - Value of livi now null
01:57:22.912 [main] INFO  managers.POManager - In Livi CONSTRUCTOR
01:57:23.062 [main] INFO  managers.POManager - In Livi Interactions CONSTRUCTOR now 
01:57:23.063 [main] INFO  managers.POManager - Opening Livi
01:57:23.063 [main] INFO  managers.POManager - Value of livi now null
01:57:23.064 [main] INFO  managers.POManager - In Livi CONSTRUCTOR
01:57:33.906 [main] INFO  managers.POManager - Welcome Notification Header - <br /> Hi, I'm Livi!
I can help you search for healthcare providers and locations in a specialty, look for specific doctors or help you discover interesting information about UCHealth.
01:57:34.071 [main] INFO  managers.POManager - After wait
01:57:34.381 [main] INFO  managers.POManager - After click
01:57:44.433 [main] INFO  managers.POManager - After switchto livi frame
01:57:49.491 [main] INFO  managers.POManager - Livi's Greeting - Hi, I'm Livi!
01:57:49.492 [main] INFO  managers.POManager - After livis greeting
01:57:49.493 [main] INFO  uiFunctionalTests.BaseTest - In verifyLiviHealth FIRST RUN 
Value of ci and cj right now 0 and 0
Value of i and j right now 1 and 1
Data from cell Avaamo,Call,Location
01:57:52.317 [main] INFO  org.testng.ITestListener - *** Running test method verifyButtonsAndLinksSelection...
01:57:52.318 [main] INFO  org.testng.ITestListener -  OS = windows 8.1, Browser = firefox 70.0.1
01:57:52.339 [main] INFO  uiFunctionalTests.Test_InfoForm - Value of processed string Link is AVAAMO
01:57:52.340 [main] INFO  uiFunctionalTests.Test_InfoForm - Value of processed string Link is CALL
01:57:52.340 [main] INFO  uiFunctionalTests.Test_InfoForm - Value of processed string Link is LOCATION
01:57:52.341 [main] INFO  uiFunctionalTests.Test_InfoForm - Value of EnumSet to be Passed is [AVAAMO, CALL, LOCATION]
01:58:08.108 [main] INFO  managers.POManager - The last reply from Livi was Test Scenarios
Check all below scenarios
Web View
Quick Reply
Carousel
All Input
01:58:18.502 [main] INFO  managers.POManager - The last reply from Livi was Test Scenarios
Check all below scenarios
Web View
Quick Reply
Carousel
All Input
01:58:18.917 [main] INFO  managers.POManager - The Latest Test Scenario Webelement is [[[[[FirefoxDriver: firefox on WINDOWS (3ab62482-c20f-4dcb-86dd-61893cfff5da)] -> xpath: //div[contains(@class,'conversation-item not-mine')]]] -> xpath: //div[contains(text(),'Test Scenarios')]//following-sibling::div[@class='default_card_link']/a], [[[[FirefoxDriver: firefox on WINDOWS (3ab62482-c20f-4dcb-86dd-61893cfff5da)] -> xpath: //div[contains(@class,'conversation-item not-mine')]]] -> xpath: //div[contains(text(),'Test Scenarios')]//following-sibling::div[@class='default_card_link']/a], [[[[FirefoxDriver: firefox on WINDOWS (3ab62482-c20f-4dcb-86dd-61893cfff5da)] -> xpath: //div[contains(@class,'conversation-item not-mine')]]] -> xpath: //div[contains(text(),'Test Scenarios')]//following-sibling::div[@class='default_card_link']/a], [[[[FirefoxDriver: firefox on WINDOWS (3ab62482-c20f-4dcb-86dd-61893cfff5da)] -> xpath: //div[contains(@class,'conversation-item not-mine')]]] -> xpath: //div[contains(text(),'Test Scenarios')]//following-sibling::div[@class='default_card_link']/a]]
01:58:18.962 [main] INFO  managers.POManager - The text captured from testScenario after removingspaces is Web_View
01:58:18.967 [main] INFO  managers.POManager - We are in scenario match condition
01:58:29.077 [main] INFO  managers.POManager - The link to be opened now is AVAAMO
01:58:29.080 [main] INFO  managers.POManager - Clicking on "AVAAMO"
01:58:29.740 [main] INFO  managers.POManager - All window handles are [18, 6442450953]
01:58:34.769 [main] INFO  managers.POManager - On Avaamo Site now ,Fetched Title-Conversational AI platform for enterprises using ML and Deep Learning
01:58:34.776 [main] INFO  managers.POManager - All latest window handles are [18, 6442450953]
01:58:35.296 [main] INFO  managers.POManager - Back on Main Page
01:58:57.375 [main] INFO  managers.POManager - Livi's Greeting - Hi, I'm Livi!
01:58:57.376 [main] INFO  managers.POManager - The link to be opened now is CALL
01:59:09.255 [main] INFO  managers.POManager - Current Window Handle is18
01:59:09.380 [main] INFO  managers.POManager - Switched to Current Window
01:59:23.532 [main] INFO  managers.POManager - Windows Alert Closed
01:59:23.557 [main] INFO  managers.POManager - Back on Main Page
01:59:45.657 [main] INFO  managers.POManager - Livi's Greeting - Hi, I'm Livi!
01:59:47.658 [main] INFO  managers.POManager - Clicked on "CALL"
01:59:47.658 [main] INFO  managers.POManager - The link to be opened now is LOCATION
02:00:04.588 [main] ERROR org.testng.ITestListener - *** Executed verifyButtonsAndLinksSelection test failed...
02:00:04.593 [main] INFO  org.testng.ITestListener - The value of timestamp converted to string is20191127020004592
]]></system-out>
    <system-err><![CDATA[1574800024199	mozrunner::runner	INFO	Running command: "C:\\Program Files (x86)\\Mozilla Firefox\\firefox.exe" "-marionette" "-foreground" "-no-remote" "-profile" "C:\\Users\\Sriparna\\AppData\\Local\\Temp\\rust_mozprofileKW0e23"
1574800028081	addons.webextension.screenshots@mozilla.org	WARN	Loading extension 'screenshots@mozilla.org': Reading manifest: Invalid extension permission: mozillaAddons
1574800028081	addons.webextension.screenshots@mozilla.org	WARN	Loading extension 'screenshots@mozilla.org': Reading manifest: Invalid extension permission: telemetry
1574800028116	addons.webextension.screenshots@mozilla.org	WARN	Loading extension 'screenshots@mozilla.org': Reading manifest: Invalid extension permission: resource://pdf.js/
1574800028122	addons.webextension.screenshots@mozilla.org	WARN	Loading extension 'screenshots@mozilla.org': Reading manifest: Invalid extension permission: about:reader*
JavaScript error: resource://gre/modules/XULStore.jsm, line 66: Error: Can't find profile directory.
1574800036318	Marionette	INFO	Listening on port 64126
1574800036348	Marionette	WARN	TLS certificate errors will be ignored for this session
Nov 27, 2019 1:57:16 AM org.openqa.selenium.remote.ProtocolHandshake createSession
INFO: Detected dialect: W3C
JavaScript error: , line 0: NotAllowedError: The play method is not allowed by the user agent or the platform in the current context, possibly because the user denied permission.
1574800138314	Marionette	WARN	TimedPromise timed out after 500 ms: stacktrace:
bail@chrome://marionette/content/sync.js:237:64
]]></system-err>
  </testcase>
</testsuite>