<?xml version="1.0" encoding="UTF-8"?>
<testng-results ignored="4" total="11" passed="6" failed="1" skipped="0">
  <reporter-output>
  </reporter-output>
  <suite started-at="2019-12-11T01:49:09 IST" name="Livi Automation Suite" finished-at="2019-12-11T01:54:19 IST" duration-ms="310781">
    <groups>
    </groups>
    <test started-at="2019-12-11T01:49:09 IST" name="Test 1" finished-at="2019-12-11T01:54:19 IST" duration-ms="310781">
      <class name="uiFunctionalTests.Test_BasicInteractions">
        <test-method is-config="true" signature="setUp(org.testng.ITestContext)[pri:0, instance:uiFunctionalTests.Test_BasicInteractions@2654635]" started-at="2019-12-11T01:49:09 IST" name="setUp" finished-at="2019-12-11T01:49:19 IST" duration-ms="10603" status="PASS">
          <params>
            <param index="0">
              <value>
                <![CDATA[org.testng.TestRunner@6e35bc3d]]>
              </value>
            </param>
          </params>
          <reporter-output>
          </reporter-output>
        </test-method> <!-- setUp -->
        <test-method is-config="true" signature="essentialsForTest()[pri:0, instance:uiFunctionalTests.Test_BasicInteractions@2654635]" started-at="2019-12-11T01:49:19 IST" name="essentialsForTest" finished-at="2019-12-11T01:49:35 IST" duration-ms="16010" status="PASS">
          <reporter-output>
          </reporter-output>
        </test-method> <!-- essentialsForTest -->
        <test-method is-config="true" signature="initializeExtent(java.lang.reflect.Method)[pri:0, instance:uiFunctionalTests.Test_BasicInteractions@2654635]" started-at="2019-12-11T01:49:38 IST" name="initializeExtent" finished-at="2019-12-11T01:49:38 IST" duration-ms="1" status="PASS">
          <params>
            <param index="0">
              <value>
                <![CDATA[public void uiFunctionalTests.Test_BasicInteractions.interactWithLivi(java.lang.String)]]>
              </value>
            </param>
          </params>
          <reporter-output>
          </reporter-output>
        </test-method> <!-- initializeExtent -->
        <test-method signature="interactWithLivi(java.lang.String)[pri:1, instance:uiFunctionalTests.Test_BasicInteractions@2654635]" started-at="2019-12-11T01:49:38 IST" name="interactWithLivi" data-provider="messagesForLivi" finished-at="2019-12-11T01:50:04 IST" duration-ms="25446" status="PASS">
          <params>
            <param index="0">
              <value>
                <![CDATA[Hi Livi! How are you?]]>
              </value>
            </param>
          </params>
          <reporter-output>
          </reporter-output>
        </test-method> <!-- interactWithLivi -->
        <test-method is-config="true" signature="endExtent(org.testng.ITestResult)[pri:0, instance:uiFunctionalTests.Test_BasicInteractions@2654635]" started-at="2019-12-11T01:50:04 IST" name="endExtent" finished-at="2019-12-11T01:50:04 IST" duration-ms="140" status="PASS">
          <params>
            <param index="0">
              <value>
                <![CDATA[[TestResult name=interactWithLivi status=SUCCESS method=Test_BasicInteractions.interactWithLivi(java.lang.String)[pri:1, instance:uiFunctionalTests.Test_BasicInteractions@2654635] output={null}]]]>
              </value>
            </param>
          </params>
          <reporter-output>
          </reporter-output>
        </test-method> <!-- endExtent -->
        <test-method is-config="true" signature="initializeExtent(java.lang.reflect.Method)[pri:0, instance:uiFunctionalTests.Test_BasicInteractions@2654635]" started-at="2019-12-11T01:50:04 IST" name="initializeExtent" finished-at="2019-12-11T01:50:04 IST" duration-ms="1" status="PASS">
          <params>
            <param index="0">
              <value>
                <![CDATA[public void uiFunctionalTests.Test_BasicInteractions.interactWithLivi(java.lang.String)]]>
              </value>
            </param>
          </params>
          <reporter-output>
          </reporter-output>
        </test-method> <!-- initializeExtent -->
        <test-method signature="interactWithLivi(java.lang.String)[pri:1, instance:uiFunctionalTests.Test_BasicInteractions@2654635]" started-at="2019-12-11T01:50:04 IST" name="interactWithLivi" data-provider="messagesForLivi" finished-at="2019-12-11T01:50:29 IST" duration-ms="24993" status="PASS">
          <params>
            <param index="0">
              <value>
                <![CDATA[How's the weather ?]]>
              </value>
            </param>
          </params>
          <reporter-output>
          </reporter-output>
        </test-method> <!-- interactWithLivi -->
        <test-method is-config="true" signature="endExtent(org.testng.ITestResult)[pri:0, instance:uiFunctionalTests.Test_BasicInteractions@2654635]" started-at="2019-12-11T01:50:29 IST" name="endExtent" finished-at="2019-12-11T01:50:29 IST" duration-ms="220" status="PASS">
          <params>
            <param index="0">
              <value>
                <![CDATA[[TestResult name=interactWithLivi status=SUCCESS method=Test_BasicInteractions.interactWithLivi(java.lang.String)[pri:1, instance:uiFunctionalTests.Test_BasicInteractions@2654635] output={null}]]]>
              </value>
            </param>
          </params>
          <reporter-output>
          </reporter-output>
        </test-method> <!-- endExtent -->
        <test-method is-config="true" signature="initializeExtent(java.lang.reflect.Method)[pri:0, instance:uiFunctionalTests.Test_BasicInteractions@2654635]" started-at="2019-12-11T01:50:29 IST" name="initializeExtent" finished-at="2019-12-11T01:50:29 IST" duration-ms="0" status="PASS">
          <params>
            <param index="0">
              <value>
                <![CDATA[public void uiFunctionalTests.Test_BasicInteractions.interactWithLivi(java.lang.String)]]>
              </value>
            </param>
          </params>
          <reporter-output>
          </reporter-output>
        </test-method> <!-- initializeExtent -->
        <test-method signature="interactWithLivi(java.lang.String)[pri:1, instance:uiFunctionalTests.Test_BasicInteractions@2654635]" started-at="2019-12-11T01:50:29 IST" name="interactWithLivi" data-provider="messagesForLivi" finished-at="2019-12-11T01:50:56 IST" duration-ms="26545" status="PASS">
          <params>
            <param index="0">
              <value>
                <![CDATA[Any good restaurants nearby?]]>
              </value>
            </param>
          </params>
          <reporter-output>
          </reporter-output>
        </test-method> <!-- interactWithLivi -->
        <test-method is-config="true" signature="endExtent(org.testng.ITestResult)[pri:0, instance:uiFunctionalTests.Test_BasicInteractions@2654635]" started-at="2019-12-11T01:50:56 IST" name="endExtent" finished-at="2019-12-11T01:50:56 IST" duration-ms="164" status="PASS">
          <params>
            <param index="0">
              <value>
                <![CDATA[[TestResult name=interactWithLivi status=SUCCESS method=Test_BasicInteractions.interactWithLivi(java.lang.String)[pri:1, instance:uiFunctionalTests.Test_BasicInteractions@2654635] output={null}]]]>
              </value>
            </param>
          </params>
          <reporter-output>
          </reporter-output>
        </test-method> <!-- endExtent -->
        <test-method is-config="true" signature="initializeExtent(java.lang.reflect.Method)[pri:0, instance:uiFunctionalTests.Test_BasicInteractions@2654635]" started-at="2019-12-11T01:50:56 IST" name="initializeExtent" finished-at="2019-12-11T01:50:56 IST" duration-ms="1" status="PASS">
          <params>
            <param index="0">
              <value>
                <![CDATA[public void uiFunctionalTests.Test_BasicInteractions.interactWithLivi(java.lang.String)]]>
              </value>
            </param>
          </params>
          <reporter-output>
          </reporter-output>
        </test-method> <!-- initializeExtent -->
        <test-method signature="interactWithLivi(java.lang.String)[pri:1, instance:uiFunctionalTests.Test_BasicInteractions@2654635]" started-at="2019-12-11T01:50:56 IST" name="interactWithLivi" data-provider="messagesForLivi" finished-at="2019-12-11T01:51:23 IST" duration-ms="26273" status="PASS">
          <params>
            <param index="0">
              <value>
                <![CDATA[Book an appointment with Dr. Clark]]>
              </value>
            </param>
          </params>
          <reporter-output>
          </reporter-output>
        </test-method> <!-- interactWithLivi -->
        <test-method is-config="true" signature="endExtent(org.testng.ITestResult)[pri:0, instance:uiFunctionalTests.Test_BasicInteractions@2654635]" started-at="2019-12-11T01:51:23 IST" name="endExtent" finished-at="2019-12-11T01:51:23 IST" duration-ms="173" status="PASS">
          <params>
            <param index="0">
              <value>
                <![CDATA[[TestResult name=interactWithLivi status=SUCCESS method=Test_BasicInteractions.interactWithLivi(java.lang.String)[pri:1, instance:uiFunctionalTests.Test_BasicInteractions@2654635] output={null}]]]>
              </value>
            </param>
          </params>
          <reporter-output>
          </reporter-output>
        </test-method> <!-- endExtent -->
        <test-method is-config="true" signature="initializeExtent(java.lang.reflect.Method)[pri:0, instance:uiFunctionalTests.Test_BasicInteractions@2654635]" started-at="2019-12-11T01:51:23 IST" name="initializeExtent" finished-at="2019-12-11T01:51:23 IST" duration-ms="1" status="PASS">
          <params>
            <param index="0">
              <value>
                <![CDATA[public void uiFunctionalTests.Test_BasicInteractions.interactWithLivi(java.lang.String)]]>
              </value>
            </param>
          </params>
          <reporter-output>
          </reporter-output>
        </test-method> <!-- initializeExtent -->
        <test-method signature="interactWithLivi(java.lang.String)[pri:1, instance:uiFunctionalTests.Test_BasicInteractions@2654635]" started-at="2019-12-11T01:51:23 IST" name="interactWithLivi" data-provider="messagesForLivi" finished-at="2019-12-11T01:51:50 IST" duration-ms="26896" status="PASS">
          <params>
            <param index="0">
              <value>
                <![CDATA[Describe how E =mc squared]]>
              </value>
            </param>
          </params>
          <reporter-output>
          </reporter-output>
        </test-method> <!-- interactWithLivi -->
        <test-method is-config="true" signature="endExtent(org.testng.ITestResult)[pri:0, instance:uiFunctionalTests.Test_BasicInteractions@2654635]" started-at="2019-12-11T01:51:50 IST" name="endExtent" finished-at="2019-12-11T01:51:50 IST" duration-ms="168" status="PASS">
          <params>
            <param index="0">
              <value>
                <![CDATA[[TestResult name=interactWithLivi status=SUCCESS method=Test_BasicInteractions.interactWithLivi(java.lang.String)[pri:1, instance:uiFunctionalTests.Test_BasicInteractions@2654635] output={null}]]]>
              </value>
            </param>
          </params>
          <reporter-output>
          </reporter-output>
        </test-method> <!-- endExtent -->
        <test-method is-config="true" signature="assertLastRunTest()[pri:0, instance:uiFunctionalTests.Test_BasicInteractions@2654635]" started-at="2019-12-11T01:51:50 IST" name="assertLastRunTest" finished-at="2019-12-11T01:51:50 IST" duration-ms="241" status="PASS">
          <reporter-output>
          </reporter-output>
        </test-method> <!-- assertLastRunTest -->
        <test-method is-config="true" signature="tearDown()[pri:0, instance:uiFunctionalTests.Test_BasicInteractions@2654635]" started-at="2019-12-11T01:54:18 IST" name="tearDown" finished-at="2019-12-11T01:54:19 IST" duration-ms="970" status="PASS">
          <reporter-output>
          </reporter-output>
        </test-method> <!-- tearDown -->
      </class> <!-- uiFunctionalTests.Test_BasicInteractions -->
      <class name="uiFunctionalTests.Test_Apostles">
        <test-method is-config="true" signature="essentialsForTest()[pri:0, instance:uiFunctionalTests.Test_Apostles@737a135b]" started-at="2019-12-11T01:51:50 IST" name="essentialsForTest" finished-at="2019-12-11T01:51:50 IST" duration-ms="9" status="PASS">
          <reporter-output>
          </reporter-output>
        </test-method> <!-- essentialsForTest -->
        <test-method is-config="true" signature="initializeExtent(java.lang.reflect.Method)[pri:0, instance:uiFunctionalTests.Test_Apostles@737a135b]" started-at="2019-12-11T01:51:51 IST" name="initializeExtent" finished-at="2019-12-11T01:51:51 IST" duration-ms="1" status="PASS">
          <params>
            <param index="0">
              <value>
                <![CDATA[public void uiFunctionalTests.Test_Apostles.verifyApostleSelection(java.lang.String)]]>
              </value>
            </param>
          </params>
          <reporter-output>
          </reporter-output>
        </test-method> <!-- initializeExtent -->
        <test-method signature="verifyApostleSelection(java.lang.String)[pri:2, instance:uiFunctionalTests.Test_Apostles@737a135b]" started-at="2019-12-11T01:51:51 IST" name="verifyApostleSelection" data-provider="apostles" finished-at="2019-12-11T01:52:59 IST" duration-ms="67921" status="FAIL">
          <params>
            <param index="0">
              <value>
                <![CDATA[James]]>
              </value>
            </param>
          </params>
          <exception class="java.lang.AssertionError">
            <message>
              <![CDATA[The following asserts failed:
There is no Link associated with Apostle JAMES. Some issue here expected [true] but found [false]]]>
            </message>
            <full-stacktrace>
              <![CDATA[java.lang.AssertionError: The following asserts failed:
There is no Link associated with Apostle JAMES. Some issue here expected [true] but found [false]
at org.testng.asserts.SoftAssert.assertAll(SoftAssert.java:47)
at org.testng.asserts.SoftAssert.assertAll(SoftAssert.java:31)
at uiFunctionalTests.Test_Apostles.verifyApostleSelection(Test_Apostles.java:26)
at java.base/jdk.internal.reflect.NativeMethodAccessorImpl.invoke0(Native Method)
at java.base/jdk.internal.reflect.NativeMethodAccessorImpl.invoke(NativeMethodAccessorImpl.java:62)
at java.base/jdk.internal.reflect.DelegatingMethodAccessorImpl.invoke(DelegatingMethodAccessorImpl.java:43)
at java.base/java.lang.reflect.Method.invoke(Method.java:567)
at org.testng.internal.MethodInvocationHelper.invokeMethod(MethodInvocationHelper.java:133)
at org.testng.internal.TestInvoker.invokeMethod(TestInvoker.java:584)
at org.testng.internal.TestInvoker.invokeTestMethod(TestInvoker.java:172)
at org.testng.internal.MethodRunner.runInSequence(MethodRunner.java:46)
at org.testng.internal.TestInvoker$MethodInvocationAgent.invoke(TestInvoker.java:804)
at org.testng.internal.TestInvoker.invokeTestMethods(TestInvoker.java:145)
at org.testng.internal.TestMethodWorker.invokeTestMethods(TestMethodWorker.java:146)
at org.testng.internal.TestMethodWorker.run(TestMethodWorker.java:128)
at java.base/java.util.ArrayList.forEach(ArrayList.java:1507)
at org.testng.TestRunner.privateRun(TestRunner.java:770)
at org.testng.TestRunner.run(TestRunner.java:591)
at org.testng.SuiteRunner.runTest(SuiteRunner.java:402)
at org.testng.SuiteRunner.access$000(SuiteRunner.java:41)
at org.testng.SuiteRunner$SuiteWorker.run(SuiteRunner.java:443)
at org.testng.internal.thread.ThreadUtil.lambda$execute$0(ThreadUtil.java:67)
at java.base/java.util.concurrent.FutureTask.run(FutureTask.java:264)
at java.base/java.util.concurrent.ThreadPoolExecutor.runWorker(ThreadPoolExecutor.java:1128)
at java.base/java.util.concurrent.ThreadPoolExecutor$Worker.run(ThreadPoolExecutor.java:628)
at java.base/java.lang.Thread.run(Thread.java:830)
]]>
            </full-stacktrace>
          </exception> <!-- java.lang.AssertionError -->
          <reporter-output>
          </reporter-output>
        </test-method> <!-- verifyApostleSelection -->
        <test-method is-config="true" signature="endExtent(org.testng.ITestResult)[pri:0, instance:uiFunctionalTests.Test_Apostles@737a135b]" started-at="2019-12-11T01:53:00 IST" name="endExtent" finished-at="2019-12-11T01:53:01 IST" duration-ms="806" status="PASS">
          <params>
            <param index="0">
              <value>
                <![CDATA[[TestResult name=verifyApostleSelection status=FAILURE method=Test_Apostles.verifyApostleSelection(java.lang.String)[pri:2, instance:uiFunctionalTests.Test_Apostles@737a135b] output={null}]]]>
              </value>
            </param>
          </params>
          <reporter-output>
          </reporter-output>
        </test-method> <!-- endExtent -->
        <test-method is-config="true" signature="assertLastRunTest()[pri:0, instance:uiFunctionalTests.Test_Apostles@737a135b]" started-at="2019-12-11T01:53:01 IST" name="assertLastRunTest" finished-at="2019-12-11T01:53:01 IST" duration-ms="170" status="PASS">
          <reporter-output>
          </reporter-output>
        </test-method> <!-- assertLastRunTest -->
      </class> <!-- uiFunctionalTests.Test_Apostles -->
      <class name="uiFunctionalTests.Test_InfoForm">
        <test-method is-config="true" signature="essentialsForTest()[pri:0, instance:uiFunctionalTests.Test_InfoForm@687ef2e0]" started-at="2019-12-11T01:53:01 IST" name="essentialsForTest" finished-at="2019-12-11T01:53:01 IST" duration-ms="78" status="PASS">
          <reporter-output>
          </reporter-output>
        </test-method> <!-- essentialsForTest -->
        <test-method is-config="true" signature="initializeExtent(java.lang.reflect.Method)[pri:0, instance:uiFunctionalTests.Test_InfoForm@687ef2e0]" started-at="2019-12-11T01:53:01 IST" name="initializeExtent" finished-at="2019-12-11T01:53:01 IST" duration-ms="2" status="PASS">
          <params>
            <param index="0">
              <value>
                <![CDATA[public void uiFunctionalTests.Test_InfoForm.verifyInfoFormSubmission(java.lang.String,java.lang.String,java.lang.String,java.lang.String,java.lang.String,java.lang.String,java.lang.String)]]>
              </value>
            </param>
          </params>
          <reporter-output>
          </reporter-output>
        </test-method> <!-- initializeExtent -->
        <test-method signature="verifyInfoFormSubmission(java.lang.String, java.lang.String, java.lang.String, java.lang.String, java.lang.String, java.lang.String, java.lang.String)[pri:3, instance:uiFunctionalTests.Test_InfoForm@687ef2e0]" started-at="2019-12-11T01:53:01 IST" name="verifyInfoFormSubmission" data-provider="InfoForm" finished-at="2019-12-11T01:54:18 IST" duration-ms="76500" status="PASS">
          <params>
            <param index="0">
              <value>
                <![CDATA[John]]>
              </value>
            </param>
            <param index="1">
              <value>
                <![CDATA[MountainView]]>
              </value>
            </param>
            <param index="2">
              <value>
                <![CDATA[1234567890]]>
              </value>
            </param>
            <param index="3">
              <value>
                <![CDATA[12/31/1981]]>
              </value>
            </param>
            <param index="4">
              <value>
                <![CDATA[Male]]>
              </value>
            </param>
            <param index="5">
              <value>
                <![CDATA[PHD]]>
              </value>
            </param>
            <param index="6">
              <value>
                <![CDATA[3]]>
              </value>
            </param>
          </params>
          <reporter-output>
          </reporter-output>
        </test-method> <!-- verifyInfoFormSubmission -->
        <test-method is-config="true" signature="endExtent(org.testng.ITestResult)[pri:0, instance:uiFunctionalTests.Test_InfoForm@687ef2e0]" started-at="2019-12-11T01:54:18 IST" name="endExtent" finished-at="2019-12-11T01:54:18 IST" duration-ms="188" status="PASS">
          <params>
            <param index="0">
              <value>
                <![CDATA[[TestResult name=verifyInfoFormSubmission status=SUCCESS method=Test_InfoForm.verifyInfoFormSubmission(java.lang.String, java.lang.String, java.lang.String, java.lang.String, java.lang.String, java.lang.String, java.lang.String)[pri:3, instance:uiFunctionalTests.Test_InfoForm@687ef2e0] output={null}]]]>
              </value>
            </param>
          </params>
          <reporter-output>
          </reporter-output>
        </test-method> <!-- endExtent -->
        <test-method is-config="true" signature="assertLastRunTest()[pri:0, instance:uiFunctionalTests.Test_InfoForm@687ef2e0]" started-at="2019-12-11T01:54:18 IST" name="assertLastRunTest" finished-at="2019-12-11T01:54:18 IST" duration-ms="172" status="PASS">
          <reporter-output>
          </reporter-output>
        </test-method> <!-- assertLastRunTest -->
      </class> <!-- uiFunctionalTests.Test_InfoForm -->
    </test> <!-- Test 1 -->
  </suite> <!-- Livi Automation Suite -->
</testng-results>
