<?xml version="1.0" encoding="UTF-8"?>
<testng-results ignored="0" total="1" passed="1" failed="0" skipped="0">
  <reporter-output>
  </reporter-output>
  <suite started-at="2019-12-11T00:16:05 IST" name="Default suite" finished-at="2019-12-11T00:17:22 IST" duration-ms="77473">
    <groups>
    </groups>
    <test started-at="2019-12-11T00:16:05 IST" name="Default test" finished-at="2019-12-11T00:17:22 IST" duration-ms="77473">
      <class name="uiFunctionalTests.Test_InfoForm">
        <test-method is-config="true" signature="setUp(org.testng.ITestContext)[pri:0, instance:uiFunctionalTests.Test_InfoForm@30af5b6b]" started-at="2019-12-11T00:16:05 IST" name="setUp" finished-at="2019-12-11T00:16:20 IST" duration-ms="15342" status="PASS">
          <params>
            <param index="0">
              <value>
                <![CDATA[org.testng.TestRunner@75b38c36]]>
              </value>
            </param>
          </params>
          <reporter-output>
          </reporter-output>
        </test-method> <!-- setUp -->
        <test-method is-config="true" signature="essentialsForTest()[pri:0, instance:uiFunctionalTests.Test_InfoForm@30af5b6b]" started-at="2019-12-11T00:16:20 IST" name="essentialsForTest" finished-at="2019-12-11T00:16:36 IST" duration-ms="15482" status="PASS">
          <reporter-output>
          </reporter-output>
        </test-method> <!-- essentialsForTest -->
        <test-method is-config="true" signature="initializeExtent(java.lang.reflect.Method)[pri:0, instance:uiFunctionalTests.Test_InfoForm@30af5b6b]" started-at="2019-12-11T00:16:39 IST" name="initializeExtent" finished-at="2019-12-11T00:16:39 IST" duration-ms="11" status="PASS">
          <params>
            <param index="0">
              <value>
                <![CDATA[public void uiFunctionalTests.Test_InfoForm.verifyInfoFormSubmission(java.lang.String,java.lang.String,java.lang.String,java.lang.String,java.lang.String,java.lang.String,java.lang.String)]]>
              </value>
            </param>
          </params>
          <reporter-output>
          </reporter-output>
        </test-method> <!-- initializeExtent -->
        <test-method signature="verifyInfoFormSubmission(java.lang.String, java.lang.String, java.lang.String, java.lang.String, java.lang.String, java.lang.String, java.lang.String)[pri:3, instance:uiFunctionalTests.Test_InfoForm@30af5b6b]" started-at="2019-12-11T00:16:39 IST" name="verifyInfoFormSubmission" data-provider="InfoForm" finished-at="2019-12-11T00:17:17 IST" duration-ms="38728" status="PASS">
          <params>
            <param index="0">
              <value>
                <![CDATA[John]]>
              </value>
            </param>
            <param index="1">
              <value>
                <![CDATA[MountainView]]>
              </value>
            </param>
            <param index="2">
              <value>
                <![CDATA[1234567890]]>
              </value>
            </param>
            <param index="3">
              <value>
                <![CDATA[12/31/1981]]>
              </value>
            </param>
            <param index="4">
              <value>
                <![CDATA[Male]]>
              </value>
            </param>
            <param index="5">
              <value>
                <![CDATA[PHD]]>
              </value>
            </param>
            <param index="6">
              <value>
                <![CDATA[3]]>
              </value>
            </param>
          </params>
          <reporter-output>
          </reporter-output>
        </test-method> <!-- verifyInfoFormSubmission -->
        <test-method is-config="true" signature="endExtent(org.testng.ITestResult)[pri:0, instance:uiFunctionalTests.Test_InfoForm@30af5b6b]" started-at="2019-12-11T00:17:17 IST" name="endExtent" finished-at="2019-12-11T00:17:19 IST" duration-ms="1591" status="PASS">
          <params>
            <param index="0">
              <value>
                <![CDATA[[TestResult name=verifyInfoFormSubmission status=SUCCESS method=Test_InfoForm.verifyInfoFormSubmission(java.lang.String, java.lang.String, java.lang.String, java.lang.String, java.lang.String, java.lang.String, java.lang.String)[pri:3, instance:uiFunctionalTests.Test_InfoForm@30af5b6b] output={null}]]]>
              </value>
            </param>
          </params>
          <reporter-output>
          </reporter-output>
        </test-method> <!-- endExtent -->
        <test-method is-config="true" signature="assertLastRunTest()[pri:0, instance:uiFunctionalTests.Test_InfoForm@30af5b6b]" started-at="2019-12-11T00:17:19 IST" name="assertLastRunTest" finished-at="2019-12-11T00:17:19 IST" duration-ms="207" status="PASS">
          <reporter-output>
          </reporter-output>
        </test-method> <!-- assertLastRunTest -->
        <test-method is-config="true" signature="tearDown()[pri:0, instance:uiFunctionalTests.Test_InfoForm@30af5b6b]" started-at="2019-12-11T00:17:19 IST" name="tearDown" finished-at="2019-12-11T00:17:22 IST" duration-ms="3371" status="PASS">
          <reporter-output>
          </reporter-output>
        </test-method> <!-- tearDown -->
      </class> <!-- uiFunctionalTests.Test_InfoForm -->
    </test> <!-- Default test -->
  </suite> <!-- Default suite -->
</testng-results>
